This file contains any messages produced by compilers while
running configure, to aid debugging if configure makes a mistake.

It was created by zefiro configure 1.0.0, which was
generated by GNU Autoconf 2.59.  Invocation command line was

  $ ./configure 

## --------- ##
## Platform. ##
## --------- ##

hostname = astreo
uname -m = x86_64
uname -r = 2.6.18-274.18.1.el5xen
uname -s = Linux
uname -v = #1 SMP Thu Feb 9 13:27:02 EST 2012

/usr/bin/uname -p = unknown
/bin/uname -X     = unknown

/bin/arch              = x86_64
/usr/bin/arch -k       = unknown
/usr/convex/getsysinfo = unknown
hostinfo               = unknown
/bin/machine           = unknown
/usr/bin/oslevel       = unknown
/bin/universe          = unknown

PATH: /usr/local/sbin
PATH: /usr/local/bin
PATH: /sbin
PATH: /bin
PATH: /usr/sbin
PATH: /usr/bin
PATH: /root/bin


## ----------- ##
## Core tests. ##
## ----------- ##

configure:1366: checking for a BSD-compatible install
configure:1421: result: /usr/bin/install -c
configure:1432: checking whether build environment is sane
configure:1475: result: yes
configure:1540: checking for gawk
configure:1556: found /bin/gawk
configure:1566: result: gawk
configure:1576: checking whether make sets $(MAKE)
configure:1596: result: yes
configure:1811: checking for gcc
configure:1827: found /usr/bin/gcc
configure:1837: result: gcc
configure:2081: checking for C compiler version
configure:2084: gcc --version </dev/null >&5
gcc (GCC) 4.1.2 20080704 (Red Hat 4.1.2-51)
Copyright (C) 2006 Free Software Foundation, Inc.
This is free software; see the source for copying conditions.  There is NO
warranty; not even for MERCHANTABILITY or FITNESS FOR A PARTICULAR PURPOSE.

configure:2087: $? = 0
configure:2089: gcc -v </dev/null >&5
Using built-in specs.
Target: x86_64-redhat-linux
Configured with: ../configure --prefix=/usr --mandir=/usr/share/man --infodir=/usr/share/info --enable-shared --enable-threads=posix --enable-checking=release --with-system-zlib --enable-__cxa_atexit --disable-libunwind-exceptions --enable-libgcj-multifile --enable-languages=c,c++,objc,obj-c++,java,fortran,ada --enable-java-awt=gtk --disable-dssi --disable-plugin --with-java-home=/usr/lib/jvm/java-1.4.2-gcj-1.4.2.0/jre --with-cpu=generic --host=x86_64-redhat-linux
Thread model: posix
gcc version 4.1.2 20080704 (Red Hat 4.1.2-51)
configure:2092: $? = 0
configure:2094: gcc -V </dev/null >&5
gcc: '-V' option must have argument
configure:2097: $? = 1
configure:2120: checking for C compiler default output file name
configure:2123: gcc    conftest.c  >&5
configure:2126: $? = 0
configure:2172: result: a.out
configure:2177: checking whether the C compiler works
configure:2183: ./a.out
configure:2186: $? = 0
configure:2203: result: yes
configure:2210: checking whether we are cross compiling
configure:2212: result: no
configure:2215: checking for suffix of executables
configure:2217: gcc -o conftest    conftest.c  >&5
configure:2220: $? = 0
configure:2245: result: 
configure:2251: checking for suffix of object files
configure:2272: gcc -c   conftest.c >&5
configure:2275: $? = 0
configure:2297: result: o
configure:2301: checking whether we are using the GNU C compiler
configure:2325: gcc -c   conftest.c >&5
configure:2331: $? = 0
configure:2335: test -z 
			 || test ! -s conftest.err
configure:2338: $? = 0
configure:2341: test -s conftest.o
configure:2344: $? = 0
configure:2357: result: yes
configure:2363: checking whether gcc accepts -g
configure:2384: gcc -c -g  conftest.c >&5
configure:2390: $? = 0
configure:2394: test -z 
			 || test ! -s conftest.err
configure:2397: $? = 0
configure:2400: test -s conftest.o
configure:2403: $? = 0
configure:2414: result: yes
configure:2431: checking for gcc option to accept ANSI C
configure:2501: gcc  -c -g -O2  conftest.c >&5
configure:2507: $? = 0
configure:2511: test -z 
			 || test ! -s conftest.err
configure:2514: $? = 0
configure:2517: test -s conftest.o
configure:2520: $? = 0
configure:2538: result: none needed
configure:2556: gcc -c -g -O2  conftest.c >&5
conftest.c:2: error: expected '=', ',', ';', 'asm' or '__attribute__' before 'me'
configure:2562: $? = 1
configure: failed program was:
| #ifndef __cplusplus
|   choke me
| #endif
configure:2706: checking for style of include used by make
configure:2734: result: GNU
configure:2762: checking dependency style of gcc
configure:2852: result: gcc3
configure:2874: checking for daveReadBytes in -lnodave
configure:2904: gcc -o conftest -g -O2   conftest.c -lnodave   >&5
configure:2910: $? = 0
configure:2914: test -z 
			 || test ! -s conftest.err
configure:2917: $? = 0
configure:2920: test -s conftest
configure:2923: $? = 0
configure:2936: result: yes
configure:3060: creating ./config.status

## ---------------------- ##
## Running config.status. ##
## ---------------------- ##

This file was extended by zefiro config.status 1.0.0, which was
generated by GNU Autoconf 2.59.  Invocation command line was

  CONFIG_FILES    = 
  CONFIG_HEADERS  = 
  CONFIG_LINKS    = 
  CONFIG_COMMANDS = 
  $ ./config.status 

on astreo

config.status:689: creating Makefile
config.status:689: creating src/Makefile
config.status:689: creating test/Makefile
config.status:793: creating config.h
config.status:895: config.h is unchanged
config.status:1075: executing depfiles commands

## ---------------- ##
## Cache variables. ##
## ---------------- ##

ac_cv_c_compiler_gnu=yes
ac_cv_env_CC_set=
ac_cv_env_CC_value=
ac_cv_env_CFLAGS_set=
ac_cv_env_CFLAGS_value=
ac_cv_env_CPPFLAGS_set=
ac_cv_env_CPPFLAGS_value=
ac_cv_env_LDFLAGS_set=
ac_cv_env_LDFLAGS_value=
ac_cv_env_build_alias_set=
ac_cv_env_build_alias_value=
ac_cv_env_host_alias_set=
ac_cv_env_host_alias_value=
ac_cv_env_target_alias_set=
ac_cv_env_target_alias_value=
ac_cv_exeext=
ac_cv_lib_nodave_daveReadBytes=yes
ac_cv_objext=o
ac_cv_path_install='/usr/bin/install -c'
ac_cv_prog_AWK=gawk
ac_cv_prog_ac_ct_CC=gcc
ac_cv_prog_cc_g=yes
ac_cv_prog_cc_stdc=
ac_cv_prog_make_make_set=yes
am_cv_CC_dependencies_compiler_type=gcc3

## ----------------- ##
## Output variables. ##
## ----------------- ##

ACLOCAL='${SHELL} /root/zefiro/config/missing --run aclocal-1.9'
AMDEPBACKSLASH='\'
AMDEP_FALSE='#'
AMDEP_TRUE=''
AMTAR='${SHELL} /root/zefiro/config/missing --run tar'
AUTOCONF='${SHELL} /root/zefiro/config/missing --run autoconf'
AUTOHEADER='${SHELL} /root/zefiro/config/missing --run autoheader'
AUTOMAKE='${SHELL} /root/zefiro/config/missing --run automake-1.9'
AWK='gawk'
CC='gcc'
CCDEPMODE='depmode=gcc3'
CFLAGS='-g -O2'
CPPFLAGS=''
CYGPATH_W='echo'
DEFS='-DHAVE_CONFIG_H'
DEPDIR='.deps'
ECHO_C=''
ECHO_N='-n'
ECHO_T=''
EXEEXT=''
INSTALL_DATA='${INSTALL} -m 644'
INSTALL_PROGRAM='${INSTALL}'
INSTALL_SCRIPT='${INSTALL}'
INSTALL_STRIP_PROGRAM='${SHELL} $(install_sh) -c -s'
LDFLAGS=''
LIBOBJS=''
LIBS='-lnodave '
LTLIBOBJS=''
MAKEINFO='${SHELL} /root/zefiro/config/missing --run makeinfo'
OBJEXT='o'
PACKAGE='zefiro'
PACKAGE_BUGREPORT='Emiliano Giovannetti emiliano.giovannetti@tdt.it'
PACKAGE_NAME='zefiro'
PACKAGE_STRING='zefiro 1.0.0'
PACKAGE_TARNAME='zefiro'
PACKAGE_VERSION='1.0.0'
PATH_SEPARATOR=':'
SET_MAKE=''
SHELL='/bin/sh'
STRIP=''
VERSION='1.0.0'
ac_ct_CC='gcc'
ac_ct_STRIP=''
am__fastdepCC_FALSE='#'
am__fastdepCC_TRUE=''
am__include='include'
am__leading_dot='.'
am__quote=''
am__tar='${AMTAR} chof - "$$tardir"'
am__untar='${AMTAR} xf -'
bindir='${exec_prefix}/bin'
build_alias=''
datadir='${prefix}/share'
exec_prefix='${prefix}'
host_alias=''
includedir='${prefix}/include'
infodir='${prefix}/info'
install_sh='/root/zefiro/config/install-sh'
libdir='${exec_prefix}/lib'
libexecdir='${exec_prefix}/libexec'
localstatedir='${prefix}/var'
mandir='${prefix}/man'
mkdir_p='mkdir -p --'
oldincludedir='/usr/include'
prefix='/usr/local'
program_transform_name='s,x,x,'
sbindir='${exec_prefix}/sbin'
sharedstatedir='${prefix}/com'
sysconfdir='${prefix}/etc'
target_alias=''

## ----------- ##
## confdefs.h. ##
## ----------- ##

#define HAVE_LIBNODAVE 1
#define IP_BASE_ADDR "10.50.3.22"
#define MPI_ADDR 2
#define NPLC 1
#define PACKAGE "zefiro"
#define PACKAGE_BUGREPORT "Emiliano Giovannetti emiliano.giovannetti@tdt.it"
#define PACKAGE_NAME "zefiro"
#define PACKAGE_STRING "zefiro 1.0.0"
#define PACKAGE_TARNAME "zefiro"
#define PACKAGE_VERSION "1.0.0"
#define RACK 0
#define RUN_AS_USER "root"
#define SLOT 2
#define TIMEOUT 5000000
#define VERSION "1.0.0"

configure: exit 0
